2022-11-29 18:42:03,884 INFO PlayServlet [http-nio-8080-exec-10] User`s Session iD: 37D5509AE34F98FB0DA26C4A84626319
2022-11-29 18:42:03,885 INFO PlayServlet [http-nio-8080-exec-10] User Name is: Karl
2022-11-29 18:42:03,885 INFO PlayServlet [http-nio-8080-exec-10] User`s choice: true
2022-11-29 18:42:03,886 INFO PlayServlet [http-nio-8080-exec-10] User`s stateString: Ты принял вызов. Поднимешься на мостик к их капитану?
2022-11-29 18:42:07,138 INFO PlayServlet [http-nio-8080-exec-1] User`s Session iD: 37D5509AE34F98FB0DA26C4A84626319
2022-11-29 18:42:07,139 INFO PlayServlet [http-nio-8080-exec-1] User Name is: Karl
2022-11-29 18:42:07,140 INFO PlayServlet [http-nio-8080-exec-1] User`s choice: true
2022-11-29 18:42:07,140 INFO PlayServlet [http-nio-8080-exec-1] User`s stateString: Ты поднялся на мостик. Ты кто?
2022-11-29 18:42:10,841 INFO PlayServlet [http-nio-8080-exec-2] User`s Session iD: 37D5509AE34F98FB0DA26C4A84626319
2022-11-29 18:42:10,841 INFO PlayServlet [http-nio-8080-exec-2] User Name is: Karl
2022-11-29 18:42:10,842 INFO PlayServlet [http-nio-8080-exec-2] User`s choice: true
2022-11-29 18:42:10,842 INFO PlayServlet [http-nio-8080-exec-2] User`s stateString: Тебя вернули домой. Победа!
2022-11-29 18:42:10,842 INFO PlayServlet [http-nio-8080-exec-2] User`s number of game: 1
2022-11-29 18:42:19,920 INFO PlayServlet [http-nio-8080-exec-7] User`s Session iD: 37D5509AE34F98FB0DA26C4A84626319
2022-11-29 18:42:19,920 INFO PlayServlet [http-nio-8080-exec-7] User Name is: Karl
2022-11-29 18:42:19,920 INFO PlayServlet [http-nio-8080-exec-7] User`s choice: true
2022-11-29 18:42:19,920 INFO PlayServlet [http-nio-8080-exec-7] User`s stateString: Ты принял вызов. Поднимешься на мостик к их капитану?
2022-11-29 18:42:23,056 INFO PlayServlet [http-nio-8080-exec-9] User`s Session iD: 37D5509AE34F98FB0DA26C4A84626319
2022-11-29 18:42:23,056 INFO PlayServlet [http-nio-8080-exec-9] User Name is: Karl
2022-11-29 18:42:23,056 INFO PlayServlet [http-nio-8080-exec-9] User`s choice: true
2022-11-29 18:42:23,056 INFO PlayServlet [http-nio-8080-exec-9] User`s stateString: Ты поднялся на мостик. Ты кто?
2022-11-29 18:42:25,167 INFO PlayServlet [http-nio-8080-exec-10] User`s Session iD: 37D5509AE34F98FB0DA26C4A84626319
2022-11-29 18:42:25,167 INFO PlayServlet [http-nio-8080-exec-10] User Name is: Karl
2022-11-29 18:42:25,168 INFO PlayServlet [http-nio-8080-exec-10] User`s choice: false
2022-11-29 18:42:25,169 INFO PlayServlet [http-nio-8080-exec-10] User`s number of game: 2
2022-11-29 18:42:25,169 INFO PlayServlet [http-nio-8080-exec-10] User`s stateString: Ты рассказал неправду о себе. Поражение!
2022-11-29 18:42:32,065 INFO PlayServlet [http-nio-8080-exec-2] User`s Session iD: 37D5509AE34F98FB0DA26C4A84626319
2022-11-29 18:42:32,065 INFO PlayServlet [http-nio-8080-exec-2] User Name is: Karl
2022-11-29 18:42:32,066 INFO PlayServlet [http-nio-8080-exec-2] User`s choice: true
2022-11-29 18:42:32,067 INFO PlayServlet [http-nio-8080-exec-2] User`s stateString: Ты принял вызов. Поднимешься на мостик к их капитану?
2022-11-29 18:42:33,547 INFO PlayServlet [http-nio-8080-exec-4] User`s Session iD: 37D5509AE34F98FB0DA26C4A84626319
2022-11-29 18:42:33,547 INFO PlayServlet [http-nio-8080-exec-4] User Name is: Karl
2022-11-29 18:42:33,547 INFO PlayServlet [http-nio-8080-exec-4] User`s choice: false
2022-11-29 18:42:33,547 INFO PlayServlet [http-nio-8080-exec-4] User`s number of game: 3
2022-11-29 18:42:33,547 INFO PlayServlet [http-nio-8080-exec-4] User`s stateString: Ты отказался подниматься на мостик. Поражение!
